<?xml version="1.0" encoding="UTF-8"?>
<!-- Generated by org.testng.reporters.JUnitReportReporter -->
<testsuite hostname="Joris-Lopss-MacBook.local" name="test.TestDatabase" tests="115" failures="0" timestamp="29 Jul 2011 12:02:55 GMT" time="14.388" errors="0">
  <testcase name="testSampleLabel" time="0.047" classname="test.TestDatabase"/>
  <testcase name="testOriginalFile" time="0.046" classname="test.TestDatabase"/>
  <testcase name="testParameterName" time="0.030" classname="test.TestDatabase"/>
  <testcase name="testMaterial" time="0.032" classname="test.TestDatabase"/>
  <testcase name="testObservedInference" time="0.224" classname="test.TestDatabase"/>
  <testcase name="testMassPeak" time="0.131" classname="test.TestDatabase"/>
  <testcase name="testPerson" time="0.062" classname="test.TestDatabase"/>
  <testcase name="testCustomLabelFeature" time="0.054" classname="test.TestDatabase"/>
  <testcase name="testMutation" time="0.240" classname="test.TestDatabase"/>
  <testcase name="testSpecies" time="0.076" classname="test.TestDatabase"/>
  <testcase name="testDecimalDataElement" time="0.165" classname="test.TestDatabase"/>
  <testcase name="testData" time="0.120" classname="test.TestDatabase"/>
  <testcase name="testArrayFeature" time="0.274" classname="test.TestDatabase"/>
  <testcase name="testSubmission" time="0.187" classname="test.TestDatabase"/>
  <testcase name="testLibraryCapturing" time="0.079" classname="test.TestDatabase"/>
  <testcase name="testInvestDetails" time="0.407" classname="test.TestDatabase"/>
  <testcase name="testMeasurement" time="0.112" classname="test.TestDatabase"/>
  <testcase name="testLibraryBarcode" time="0.023" classname="test.TestDatabase"/>
  <testcase name="testRScript" time="0.071" classname="test.TestDatabase"/>
  <testcase name="testObservedValue" time="0.145" classname="test.TestDatabase"/>
  <testcase name="testMazeData" time="0.595" classname="test.TestDatabase"/>
  <testcase name="testMolgenisFile" time="0.046" classname="test.TestDatabase"/>
  <testcase name="testProtocolDocument" time="0.037" classname="test.TestDatabase"/>
  <testcase name="testConversionTypeLookup" time="0.042" classname="test.TestDatabase"/>
  <testcase name="testCode" time="0.064" classname="test.TestDatabase"/>
  <testcase name="testPublication" time="0.036" classname="test.TestDatabase"/>
  <testcase name="testWorksheet" time="0.023" classname="test.TestDatabase"/>
  <testcase name="testClassicalPhenotype" time="0.148" classname="test.TestDatabase"/>
  <testcase name="testMolgenisNews" time="0.025" classname="test.TestDatabase"/>
  <testcase name="testReporter" time="0.225" classname="test.TestDatabase"/>
  <testcase name="testBiobankCategory" time="0.091" classname="test.TestDatabase"/>
  <testcase name="testMolgenisRole" time="0.049" classname="test.TestDatabase"/>
  <testcase name="testBibliographicReference" time="0.085" classname="test.TestDatabase"/>
  <testcase name="testPanel" time="0.164" classname="test.TestDatabase"/>
  <testcase name="testJob" time="0.041" classname="test.TestDatabase"/>
  <testcase name="testSpot" time="0.616" classname="test.TestDatabase"/>
  <testcase name="testBinaryDataMatrix" time="0.061" classname="test.TestDatabase"/>
  <testcase name="testUseCase" time="0.036" classname="test.TestDatabase"/>
  <testcase name="testObservableFeature" time="0.081" classname="test.TestDatabase"/>
  <testcase name="testWorkflowElement" time="0.127" classname="test.TestDatabase"/>
  <testcase name="testLibraryLane" time="0.095" classname="test.TestDatabase"/>
  <testcase name="testComputeApplication" time="0.273" classname="test.TestDatabase"/>
  <testcase name="testOntologyTerm" time="0.050" classname="test.TestDatabase"/>
  <testcase name="testSelectedData" time="0.054" classname="test.TestDatabase"/>
  <testcase name="testObservationTarget" time="0.148" classname="test.TestDatabase"/>
  <testcase name="testProtocol" time="0.092" classname="test.TestDatabase"/>
  <testcase name="testOntology" time="0.036" classname="test.TestDatabase"/>
  <testcase name="testDataSet" time="0.055" classname="test.TestDatabase"/>
  <testcase name="testMolgenisUser" time="0.048" classname="test.TestDatabase"/>
  <testcase name="testPairedSample" time="0.100" classname="test.TestDatabase"/>
  <testcase name="testInvestigation" time="0.195" classname="test.TestDatabase"/>
  <testcase name="testComputeProtocol" time="0.213" classname="test.TestDatabase"/>
  <testcase name="testChangeLog" time="0.044" classname="test.TestDatabase"/>
  <testcase name="testLocation" time="0.227" classname="test.TestDatabase"/>
  <testcase name="testDesignElement" time="0.088" classname="test.TestDatabase"/>
  <testcase name="testAnalysis" time="0.045" classname="test.TestDatabase"/>
  <testcase name="testMolgenisEntity" time="0.049" classname="test.TestDatabase"/>
  <testcase name="testParameterValue" time="0.066" classname="test.TestDatabase"/>
  <testcase name="testI_F" time="0.054" classname="test.TestDatabase"/>
  <testcase name="testProtocolApplication" time="0.105" classname="test.TestDatabase"/>
  <testcase name="testReporterGroup" time="0.227" classname="test.TestDatabase"/>
  <testcase name="testMarker" time="0.152" classname="test.TestDatabase"/>
  <testcase name="testCSVDataMatrix" time="0.054" classname="test.TestDatabase"/>
  <testcase name="testMutationPhenotype" time="0.149" classname="test.TestDatabase"/>
  <testcase name="testDataName" time="0.067" classname="test.TestDatabase"/>
  <testcase name="testNgsSample" time="0.137" classname="test.TestDatabase"/>
  <testcase name="testNgsPerson" time="0.070" classname="test.TestDatabase"/>
  <testcase name="testWorkflow" time="0.277" classname="test.TestDatabase"/>
  <testcase name="testFactor" time="0.067" classname="test.TestDatabase"/>
  <testcase name="testInstitute" time="0.037" classname="test.TestDatabase"/>
  <testcase name="testParameterSet" time="0.113" classname="test.TestDatabase"/>
  <testcase name="testChromosome" time="0.170" classname="test.TestDatabase"/>
  <testcase name="testCompositeElement" time="0.270" classname="test.TestDatabase"/>
  <testcase name="testBiobankDataType" time="0.040" classname="test.TestDatabase"/>
  <testcase name="testFlowcell" time="0.124" classname="test.TestDatabase"/>
  <testcase name="testArrayDesign" time="0.226" classname="test.TestDatabase"/>
  <testcase name="testAntibody" time="0.032" classname="test.TestDatabase"/>
  <testcase name="testWorkflowElementParameter" time="0.351" classname="test.TestDatabase"/>
  <testcase name="testBinaryChannelData" time="0.109" classname="test.TestDatabase"/>
  <testcase name="testSample" time="0.119" classname="test.TestDatabase"/>
  <testcase name="testClone" time="0.124" classname="test.TestDatabase"/>
  <testcase name="testMutationGene" time="0.130" classname="test.TestDatabase"/>
  <testcase name="testInvestigationFile" time="0.079" classname="test.TestDatabase"/>
  <testcase name="testProbe" time="0.131" classname="test.TestDatabase"/>
  <testcase name="testNameValueType" time="0.051" classname="test.TestDatabase"/>
  <testcase name="testChannelMapping" time="0.191" classname="test.TestDatabase"/>
  <testcase name="testMachine" time="0.030" classname="test.TestDatabase"/>
  <testcase name="testProbeSet" time="0.104" classname="test.TestDatabase"/>
  <testcase name="testIndividual" time="0.144" classname="test.TestDatabase"/>
  <testcase name="testE_M" time="0.068" classname="test.TestDatabase"/>
  <testcase name="testBiobank" time="0.221" classname="test.TestDatabase"/>
  <testcase name="testPhenotypeDetails" time="0.192" classname="test.TestDatabase"/>
  <testcase name="testSubjob" time="0.216" classname="test.TestDatabase"/>
  <testcase name="testDataFile" time="0.213" classname="test.TestDatabase"/>
  <testcase name="testBiobankTopic" time="0.049" classname="test.TestDatabase"/>
  <testcase name="testObservationElement" time="0.066" classname="test.TestDatabase"/>
  <testcase name="testComputeFeature" time="0.172" classname="test.TestDatabase"/>
  <testcase name="testMolgenisGroup" time="0.029" classname="test.TestDatabase"/>
  <testcase name="testGene" time="0.088" classname="test.TestDatabase"/>
  <testcase name="testTextDataElement" time="0.341" classname="test.TestDatabase"/>
  <testcase name="testProtein" time="0.120" classname="test.TestDatabase"/>
  <testcase name="testPatient" time="0.517" classname="test.TestDatabase"/>
  <testcase name="testDataValue" time="0.044" classname="test.TestDatabase"/>
  <testcase name="testMolgenisRoleGroupLink" time="0.062" classname="test.TestDatabase"/>
  <testcase name="testInvestigator" time="0.091" classname="test.TestDatabase"/>
  <testcase name="testMolgenisPermission" time="0.044" classname="test.TestDatabase"/>
  <testcase name="testMolgenisBatchEntity" time="0.064" classname="test.TestDatabase"/>
  <testcase name="testTissue" time="0.085" classname="test.TestDatabase"/>
  <testcase name="testSelectedParameter" time="0.074" classname="test.TestDatabase"/>
  <testcase name="testDerivedTrait" time="0.111" classname="test.TestDatabase"/>
  <testcase name="testExon" time="0.195" classname="test.TestDatabase"/>
  <testcase name="testProteinDomain" time="0.034" classname="test.TestDatabase"/>
  <testcase name="testNMRBin" time="0.204" classname="test.TestDatabase"/>
  <testcase name="testMetabolite" time="0.103" classname="test.TestDatabase"/>
  <testcase name="testMolgenisBatch" time="0.056" classname="test.TestDatabase"/>
</testsuite>
