<?xml version="1.0" encoding="UTF-8"?>
<!-- Generated by org.testng.reporters.JUnitReportReporter -->
<testsuite hostname="Joris-Lopss-MacBook.local" name="test.TestCsv" tests="1" failures="0" timestamp="29 Jul 2011 12:01:03 GMT" time="143.372" errors="0">
  <testcase name="testCsv1" time="143.372" classname="test.TestCsv"/>
</testsuite>
